e:\windows\desktop\cheating\yung.life\frosty v2\release\vc141.pdb
e:\windows\desktop\cheating\yung.life\frosty v2\release\imgui_impl_dx9.obj
e:\windows\desktop\cheating\yung.life\frosty v2\release\imguicolorpicker.obj
e:\windows\desktop\cheating\yung.life\frosty v2\release\autowall.obj
e:\windows\desktop\cheating\yung.life\frosty v2\release\chams.obj
e:\windows\desktop\cheating\yung.life\frosty v2\release\configuration.obj
e:\windows\desktop\cheating\yung.life\frosty v2\release\dllmain.obj
e:\windows\desktop\cheating\yung.life\frosty v2\release\engineprediction.obj
e:\windows\desktop\cheating\yung.life\frosty v2\release\esp.obj
e:\windows\desktop\cheating\yung.life\frosty v2\release\global.obj
e:\windows\desktop\cheating\yung.life\frosty v2\release\grenadeprediction.obj
e:\windows\desktop\cheating\yung.life\frosty v2\release\imgui.obj
e:\windows\desktop\cheating\yung.life\frosty v2\release\imgui_draw.obj
e:\windows\desktop\cheating\yung.life\frosty v2\release\interfaces.obj
e:\windows\desktop\cheating\yung.life\frosty v2\release\lagcomp.obj
e:\windows\desktop\cheating\yung.life\frosty v2\release\legitbot.obj
e:\windows\desktop\cheating\yung.life\frosty v2\release\mathfunctions.obj
e:\windows\desktop\cheating\yung.life\frosty v2\release\memesets.obj
e:\windows\desktop\cheating\yung.life\frosty v2\release\misc.obj
e:\windows\desktop\cheating\yung.life\frosty v2\release\miscfunctions.obj
e:\windows\desktop\cheating\yung.life\frosty v2\release\netvarmanager.obj
e:\windows\desktop\cheating\yung.life\frosty v2\release\parser.obj
e:\windows\desktop\cheating\yung.life\frosty v2\release\ragebot.obj
e:\windows\desktop\cheating\yung.life\frosty v2\release\recvproxy.obj
e:\windows\desktop\cheating\yung.life\frosty v2\release\render.obj
e:\windows\desktop\cheating\yung.life\frosty v2\release\renderer.obj
e:\windows\desktop\cheating\yung.life\frosty v2\release\spoofedconvar.obj
e:\windows\desktop\cheating\yung.life\frosty v2\release\utilities.obj
e:\windows\desktop\cheating\yung.life\frosty v2\release\frosty v2.tlog\cl.command.1.tlog
e:\windows\desktop\cheating\yung.life\frosty v2\release\frosty v2.tlog\cl.write.1.tlog
